find_header: checking for libxml/tree.h in /Users/vikramadhiman/minimal/path/ruby/2.6.0/gems/nokogiri-1.10.9/ports/x86_64-apple-darwin18.7.0/libxml2/2.9.10/include/libxml2... -------------------- no

"clang -o conftest -I/Users/vikramadhiman/.rbenv/versions/2.6.3/include/ruby-2.6.0/x86_64-darwin18 -I/Users/vikramadhiman/.rbenv/versions/2.6.3/include/ruby-2.6.0/ruby/backward -I/Users/vikramadhiman/.rbenv/versions/2.6.3/include/ruby-2.6.0 -I. -I/Users/vikramadhiman/.rbenv/versions/2.6.3/include  -D_XOPEN_SOURCE -D_DARWIN_C_SOURCE -D_DARWIN_UNLIMITED_SELECT -D_REENTRANT    -O3 -Wno-error=shorten-64-to-32  -fno-common -pipe -std=c99 conftest.c  -L. -L/Users/vikramadhiman/.rbenv/versions/2.6.3/lib -L. -L/Users/vikramadhiman/.rbenv/versions/2.6.3/lib  -fstack-protector-strong -L/usr/local/lib     -lruby.2.6   "
checked program was:
/* begin */
1: #include "ruby.h"
2: 
3: int main(int argc, char **argv)
4: {
5:   return 0;
6: }
/* end */

"clang -E -I/Users/vikramadhiman/.rbenv/versions/2.6.3/include/ruby-2.6.0/x86_64-darwin18 -I/Users/vikramadhiman/.rbenv/versions/2.6.3/include/ruby-2.6.0/ruby/backward -I/Users/vikramadhiman/.rbenv/versions/2.6.3/include/ruby-2.6.0 -I. -I/Users/vikramadhiman/.rbenv/versions/2.6.3/include  -D_XOPEN_SOURCE -D_DARWIN_C_SOURCE -D_DARWIN_UNLIMITED_SELECT -D_REENTRANT    -O3 -Wno-error=shorten-64-to-32  -fno-common -pipe -std=c99  conftest.c -o conftest.i"
conftest.c:3:10: fatal error: 'libxml/tree.h' file not found
#include <libxml/tree.h>
         ^~~~~~~~~~~~~~~
1 error generated.
checked program was:
/* begin */
1: #include "ruby.h"
2: 
3: #include <libxml/tree.h>
/* end */

"clang -E -I/Users/vikramadhiman/.rbenv/versions/2.6.3/include/ruby-2.6.0/x86_64-darwin18 -I/Users/vikramadhiman/.rbenv/versions/2.6.3/include/ruby-2.6.0/ruby/backward -I/Users/vikramadhiman/.rbenv/versions/2.6.3/include/ruby-2.6.0 -I. -I/Users/vikramadhiman/.rbenv/versions/2.6.3/include  -D_XOPEN_SOURCE -D_DARWIN_C_SOURCE -D_DARWIN_UNLIMITED_SELECT -D_REENTRANT    -O3 -Wno-error=shorten-64-to-32  -fno-common -pipe -std=c99 -I/Users/vikramadhiman/minimal/path/ruby/2.6.0/gems/nokogiri-1.10.9/ports/x86_64-apple-darwin18.7.0/libxml2/2.9.10/include/libxml2 conftest.c -o conftest.i"
conftest.c:3:10: fatal error: 'libxml/tree.h' file not found
#include <libxml/tree.h>
         ^~~~~~~~~~~~~~~
1 error generated.
checked program was:
/* begin */
1: #include "ruby.h"
2: 
3: #include <libxml/tree.h>
/* end */

--------------------

find_header: checking for libxml/tree.h in ports/x86_64-apple-darwin18.7.0/libxml2/2.9.10/include/libxml2... -------------------- yes

"clang -E -I/Users/vikramadhiman/.rbenv/versions/2.6.3/include/ruby-2.6.0/x86_64-darwin18 -I/Users/vikramadhiman/.rbenv/versions/2.6.3/include/ruby-2.6.0/ruby/backward -I/Users/vikramadhiman/.rbenv/versions/2.6.3/include/ruby-2.6.0 -I. -I/Users/vikramadhiman/.rbenv/versions/2.6.3/include  -D_XOPEN_SOURCE -D_DARWIN_C_SOURCE -D_DARWIN_UNLIMITED_SELECT -D_REENTRANT    -O3 -Wno-error=shorten-64-to-32  -fno-common -pipe -std=c99  conftest.c -o conftest.i"
conftest.c:3:10: fatal error: 'libxml/tree.h' file not found
#include <libxml/tree.h>
         ^~~~~~~~~~~~~~~
1 error generated.
checked program was:
/* begin */
1: #include "ruby.h"
2: 
3: #include <libxml/tree.h>
/* end */

"clang -E -I/Users/vikramadhiman/.rbenv/versions/2.6.3/include/ruby-2.6.0/x86_64-darwin18 -I/Users/vikramadhiman/.rbenv/versions/2.6.3/include/ruby-2.6.0/ruby/backward -I/Users/vikramadhiman/.rbenv/versions/2.6.3/include/ruby-2.6.0 -I. -I/Users/vikramadhiman/.rbenv/versions/2.6.3/include  -D_XOPEN_SOURCE -D_DARWIN_C_SOURCE -D_DARWIN_UNLIMITED_SELECT -D_REENTRANT    -O3 -Wno-error=shorten-64-to-32  -fno-common -pipe -std=c99 -Iports/x86_64-apple-darwin18.7.0/libxml2/2.9.10/include/libxml2 conftest.c -o conftest.i"
checked program was:
/* begin */
1: #include "ruby.h"
2: 
3: #include <libxml/tree.h>
/* end */

--------------------

find_header: checking for nokogiri.h in /Users/vikramadhiman/minimal/path/ruby/2.6.0/gems/nokogiri-1.10.9/ext/nokogiri... -------------------- yes

"clang -E -I/Users/vikramadhiman/.rbenv/versions/2.6.3/include/ruby-2.6.0/x86_64-darwin18 -I/Users/vikramadhiman/.rbenv/versions/2.6.3/include/ruby-2.6.0/ruby/backward -I/Users/vikramadhiman/.rbenv/versions/2.6.3/include/ruby-2.6.0 -I. -Iports/x86_64-apple-darwin18.7.0/libxml2/2.9.10/include/libxml2 -I/Users/vikramadhiman/.rbenv/versions/2.6.3/include  -D_XOPEN_SOURCE -D_DARWIN_C_SOURCE -D_DARWIN_UNLIMITED_SELECT -D_REENTRANT    -O3 -Wno-error=shorten-64-to-32  -fno-common -pipe -std=c99  conftest.c -o conftest.i"
conftest.c:3:10: fatal error: 'nokogiri.h' file not found
#include <nokogiri.h>
         ^~~~~~~~~~~~
1 error generated.
checked program was:
/* begin */
1: #include "ruby.h"
2: 
3: #include <nokogiri.h>
/* end */

"clang -E -I/Users/vikramadhiman/.rbenv/versions/2.6.3/include/ruby-2.6.0/x86_64-darwin18 -I/Users/vikramadhiman/.rbenv/versions/2.6.3/include/ruby-2.6.0/ruby/backward -I/Users/vikramadhiman/.rbenv/versions/2.6.3/include/ruby-2.6.0 -I. -Iports/x86_64-apple-darwin18.7.0/libxml2/2.9.10/include/libxml2 -I/Users/vikramadhiman/.rbenv/versions/2.6.3/include  -D_XOPEN_SOURCE -D_DARWIN_C_SOURCE -D_DARWIN_UNLIMITED_SELECT -D_REENTRANT    -O3 -Wno-error=shorten-64-to-32  -fno-common -pipe -std=c99 -I/Users/vikramadhiman/minimal/path/ruby/2.6.0/gems/nokogiri-1.10.9/ext/nokogiri conftest.c -o conftest.i"
In file included from conftest.c:3:
/Users/vikramadhiman/minimal/path/ruby/2.6.0/gems/nokogiri-1.10.9/ext/nokogiri/nokogiri.h:13:9: warning: '_GNU_SOURCE' macro redefined [-Wmacro-redefined]
#define _GNU_SOURCE
        ^
/Users/vikramadhiman/.rbenv/versions/2.6.3/include/ruby-2.6.0/x86_64-darwin18/ruby/config.h:16:9: note: previous definition is here
#define _GNU_SOURCE 1
        ^
1 warning generated.
checked program was:
/* begin */
1: #include "ruby.h"
2: 
3: #include <nokogiri.h>
/* end */

--------------------

